<?xml version="1.0" encoding="UTF-8"?>
<!-- Generated by org.testng.reporters.JUnitReportReporter -->
<testsuite hostname="TYSS-Madhumitha" failures="0" tests="2" name="com.GroceryStore.DemoTest" time="0.026" errors="0" timestamp="2025-01-08T15:25:33 IST" skipped="0">
  <testcase classname="com.GroceryStore.DemoTest" name="demoTest2" time="0.011"/>
  <testcase classname="com.GroceryStore.DemoTest" name="demoTest" time="0.015"/>
</testsuite> <!-- com.GroceryStore.DemoTest -->
