<?xml version="1.0" encoding="UTF-8"?>
<!-- Generated by org.testng.reporters.JUnitReportReporter -->
<testsuite hostname="PavithraDilip" failures="0" tests="1" name="com.GroceryStore_SignUpTest.AddProductToCartTest" time="40.477" errors="0" timestamp="2025-03-12T10:23:06 IST" skipped="0">
  <testcase classname="com.GroceryStore_SignUpTest.AddProductToCartTest" name="addProductTest" time="40.477"/>
</testsuite> <!-- com.GroceryStore_SignUpTest.AddProductToCartTest -->
