<?xml version="1.0" encoding="UTF-8"?>
<!-- Generated by org.testng.reporters.JUnitReportReporter -->
<testsuite hostname="PavithraDilip" failures="0" tests="1" name="com.groceryStore_appTest.PlaceOrderWithPaymentTest" time="68.453" errors="0" timestamp="2025-03-12T10:44:26 IST" skipped="0">
  <testcase classname="com.groceryStore_appTest.PlaceOrderWithPaymentTest" name="placeOrderTest" time="68.453"/>
</testsuite> <!-- com.groceryStore_appTest.PlaceOrderWithPaymentTest -->
