<?xml version="1.0" encoding="UTF-8"?>
<!-- Generated by org.testng.reporters.JUnitReportReporter -->
<testsuite hostname="PavithraDilip" failures="0" tests="1" name="com.groceryStore_appTest.ModifyProductQtyTest" time="50.984" errors="0" timestamp="2025-03-12T10:26:12 IST" skipped="0">
  <testcase classname="com.groceryStore_appTest.ModifyProductQtyTest" name="modifyProductTest" time="50.984"/>
</testsuite> <!-- com.groceryStore_appTest.ModifyProductQtyTest -->
