<?xml version="1.0" encoding="UTF-8"?>
<!-- Generated by org.testng.reporters.JUnitReportReporter -->
<testsuite hostname="TYSS-Madhumitha" failures="0" tests="1" name="com.GroceryStore.SignUpTest" time="20.445" errors="0" timestamp="2025-02-10T10:49:56 IST" skipped="0">
  <testcase classname="com.GroceryStore.SignUpTest" name="signUpTest" time="20.445"/>
</testsuite> <!-- com.GroceryStore.SignUpTest -->
