<?xml version="1.0" encoding="UTF-8"?>
<!-- Generated by org.testng.reporters.JUnitReportReporter -->
<testsuite hostname="TYSS-Madhumitha" failures="0" tests="1" name="com.GroceryStore.DummyTest" time="0.007" errors="0" timestamp="2025-01-08T15:25:33 IST" skipped="0">
  <testcase classname="com.GroceryStore.DummyTest" name="test" time="0.007"/>
</testsuite> <!-- com.GroceryStore.DummyTest -->
