<?xml version="1.0" encoding="UTF-8"?>
<!-- Generated by org.testng.reporters.JUnitReportReporter -->
<testsuite hostname="PavithraDilip" failures="0" tests="1" name="com.GroceryStore_SignUpTest.ModifyProductQtyTest" time="148.627" errors="0" timestamp="2025-03-12T10:21:02 IST" skipped="0">
  <testcase classname="com.GroceryStore_SignUpTest.ModifyProductQtyTest" name="modifyProductTest" time="148.627"/>
</testsuite> <!-- com.GroceryStore_SignUpTest.ModifyProductQtyTest -->
