<?xml version="1.0" encoding="UTF-8"?>
<!-- Generated by org.testng.reporters.JUnitReportReporter -->
<testsuite hostname="PavithraDilip" failures="0" tests="1" name="com.GroceryStore_SignUpTest.SignUpTest" time="39.491" errors="0" timestamp="2025-03-11T18:14:08 IST" skipped="0">
  <testcase classname="com.GroceryStore_SignUpTest.SignUpTest" name="signUpTest" time="39.491"/>
</testsuite> <!-- com.GroceryStore_SignUpTest.SignUpTest -->
